# JRE version: OpenJDK Runtime Environment (8.0_202-b03) (build 1.8.0_202-release-1483-b03)
# Java VM: OpenJDK 64-Bit Server VM (25.202-b03 mixed mode windows-amd64 compressed oops)
Heap:
 PSYoungGen      total 377856K, used 322145K [0x00000000e0000000, 0x00000000fb700000, 0x0000000100000000)
  eden space 324096K, 90% used [0x00000000e0000000,0x00000000f1ea8de8,0x00000000f3c80000)
  from space 53760K, 53% used [0x00000000f7180000,0x00000000f8d6f838,0x00000000fa600000)
  to   space 54272K, 0% used [0x00000000f3c80000,0x00000000f3c80000,0x00000000f7180000)
 ParOldGen       total 273920K, used 144636K [0x00000000a0000000, 0x00000000b0b80000, 0x00000000e0000000)
  object space 273920K, 52% used [0x00000000a0000000,0x00000000a8d3f298,0x00000000b0b80000)
 Metaspace       used 121797K, capacity 130560K, committed 130648K, reserved 1163264K
  class space    used 14952K, capacity 16451K, committed 16512K, reserved 1048576K
GC Heap History (10 events):
Event: 41719.464 GC heap before
{Heap before GC invocations=294 (full 14):
 PSYoungGen      total 325632K, used 280218K [0x00000000e0000000, 0x00000000f9280000, 0x0000000100000000)
  eden space 265216K, 100% used [0x00000000e0000000,0x00000000f0300000,0x00000000f0300000)
  from space 60416K, 24% used [0x00000000f0300000,0x00000000f11a69a0,0x00000000f3e00000)
  to   space 59392K, 0% used [0x00000000f5880000,0x00000000f5880000,0x00000000f9280000)
 ParOldGen       total 273920K, used 136345K [0x00000000a0000000, 0x00000000b0b80000, 0x00000000e0000000)
  object space 273920K, 49% used [0x00000000a0000000,0x00000000a85266c0,0x00000000b0b80000)
 Metaspace       used 121650K, capacity 130336K, committed 130648K, reserved 1163264K
  class space    used 14950K, capacity 16449K, committed 16512K, reserved 1048576K
Event: 41719.490 GC heap after
Heap after GC invocations=294 (full 14):
 PSYoungGen      total 342528K, used 15152K [0x00000000e0000000, 0x00000000f8c00000, 0x0000000100000000)
  eden space 289792K, 0% used [0x00000000e0000000,0x00000000e0000000,0x00000000f1b00000)
  from space 52736K, 28% used [0x00000000f5880000,0x00000000f674c050,0x00000000f8c00000)
  to   space 57856K, 0% used [0x00000000f1b00000,0x00000000f1b00000,0x00000000f5380000)
 ParOldGen       total 273920K, used 142420K [0x00000000a0000000, 0x00000000b0b80000, 0x00000000e0000000)
  object space 273920K, 51% used [0x00000000a0000000,0x00000000a8b15298,0x00000000b0b80000)
 Metaspace       used 121650K, capacity 130336K, committed 130648K, reserved 1163264K
  class space    used 14950K, capacity 16449K, committed 16512K, reserved 1048576K
}
Event: 41720.503 GC heap before
{Heap before GC invocations=295 (full 14):
 PSYoungGen      total 342528K, used 304944K [0x00000000e0000000, 0x00000000f8c00000, 0x0000000100000000)
  eden space 289792K, 100% used [0x00000000e0000000,0x00000000f1b00000,0x00000000f1b00000)
  from space 52736K, 28% used [0x00000000f5880000,0x00000000f674c050,0x00000000f8c00000)
  to   space 57856K, 0% used [0x00000000f1b00000,0x00000000f1b00000,0x00000000f5380000)
 ParOldGen       total 273920K, used 142420K [0x00000000a0000000, 0x00000000b0b80000, 0x00000000e0000000)
  object space 273920K, 51% used [0x00000000a0000000,0x00000000a8b15298,0x00000000b0b80000)
 Metaspace       used 121686K, capacity 130336K, committed 130648K, reserved 1163264K
  class space    used 14950K, capacity 16449K, committed 16512K, reserved 1048576K
Event: 41720.529 GC heap after
Heap after GC invocations=295 (full 14):
 PSYoungGen      total 347648K, used 36763K [0x00000000e0000000, 0x00000000fab00000, 0x0000000100000000)
  eden space 289792K, 0% used [0x00000000e0000000,0x00000000e0000000,0x00000000f1b00000)
  from space 57856K, 63% used [0x00000000f1b00000,0x00000000f3ee6c48,0x00000000f5380000)
  to   space 58880K, 0% used [0x00000000f7180000,0x00000000f7180000,0x00000000fab00000)
 ParOldGen       total 273920K, used 142428K [0x00000000a0000000, 0x00000000b0b80000, 0x00000000e0000000)
  object space 273920K, 51% used [0x00000000a0000000,0x00000000a8b17298,0x00000000b0b80000)
 Metaspace       used 121686K, capacity 130336K, committed 130648K, reserved 1163264K
  class space    used 14950K, capacity 16449K, committed 16512K, reserved 1048576K
}
Event: 41725.958 GC heap before
{Heap before GC invocations=296 (full 14):
 PSYoungGen      total 347648K, used 326555K [0x00000000e0000000, 0x00000000fab00000, 0x0000000100000000)
  eden space 289792K, 99% used [0x00000000e0000000,0x00000000f1afffe8,0x00000000f1b00000)
  from space 57856K, 63% used [0x00000000f1b00000,0x00000000f3ee6c48,0x00000000f5380000)
  to   space 58880K, 0% used [0x00000000f7180000,0x00000000f7180000,0x00000000fab00000)
 ParOldGen       total 273920K, used 142428K [0x00000000a0000000, 0x00000000b0b80000, 0x00000000e0000000)
  object space 273920K, 51% used [0x00000000a0000000,0x00000000a8b17298,0x00000000b0b80000)
 Metaspace       used 121719K, capacity 130400K, committed 130648K, reserved 1163264K
  class space    used 14950K, capacity 16449K, committed 16512K, reserved 1048576K
Event: 41725.975 GC heap after
Heap after GC invocations=296 (full 14):
 PSYoungGen      total 370176K, used 13953K [0x00000000e0000000, 0x00000000fa600000, 0x0000000100000000)
  eden space 316416K, 0% used [0x00000000e0000000,0x00000000e0000000,0x00000000f3500000)
  from space 53760K, 25% used [0x00000000f7180000,0x00000000f7f20510,0x00000000fa600000)
  to   space 57856K, 0% used [0x00000000f3500000,0x00000000f3500000,0x00000000f6d80000)
 ParOldGen       total 273920K, used 144636K [0x00000000a0000000, 0x00000000b0b80000, 0x00000000e0000000)
  object space 273920K, 52% used [0x00000000a0000000,0x00000000a8d3f298,0x00000000b0b80000)
 Metaspace       used 121719K, capacity 130400K, committed 130648K, reserved 1163264K
  class space    used 14950K, capacity 16449K, committed 16512K, reserved 1048576K
}
Event: 41734.744 GC heap before
{Heap before GC invocations=297 (full 14):
 PSYoungGen      total 370176K, used 330242K [0x00000000e0000000, 0x00000000fa600000, 0x0000000100000000)
  eden space 316416K, 99% used [0x00000000e0000000,0x00000000f34e0300,0x00000000f3500000)
  from space 53760K, 25% used [0x00000000f7180000,0x00000000f7f20510,0x00000000fa600000)
  to   space 57856K, 0% used [0x00000000f3500000,0x00000000f3500000,0x00000000f6d80000)
 ParOldGen       total 273920K, used 144636K [0x00000000a0000000, 0x00000000b0b80000, 0x00000000e0000000)
  object space 273920K, 52% used [0x00000000a0000000,0x00000000a8d3f298,0x00000000b0b80000)
 Metaspace       used 121756K, capacity 130534K, committed 130648K, reserved 1163264K
  class space    used 14951K, capacity 16450K, committed 16512K, reserved 1048576K
Event: 41734.772 GC heap after
Heap after GC invocations=297 (full 14):
 PSYoungGen      total 374272K, used 29143K [0x00000000e0000000, 0x00000000fa600000, 0x0000000100000000)
  eden space 316416K, 0% used [0x00000000e0000000,0x00000000e0000000,0x00000000f3500000)
  from space 57856K, 50% used [0x00000000f3500000,0x00000000f5175dc0,0x00000000f6d80000)
  to   space 53760K, 0% used [0x00000000f7180000,0x00000000f7180000,0x00000000fa600000)
 ParOldGen       total 273920K, used 144636K [0x00000000a0000000, 0x00000000b0b80000, 0x00000000e0000000)
  object space 273920K, 52% used [0x00000000a0000000,0x00000000a8d3f298,0x00000000b0b80000)
 Metaspace       used 121756K, capacity 130534K, committed 130648K, reserved 1163264K
  class space    used 14951K, capacity 16450K, committed 16512K, reserved 1048576K
}
Event: 41736.919 GC heap before
{Heap before GC invocations=298 (full 14):
 PSYoungGen      total 374272K, used 345559K [0x00000000e0000000, 0x00000000fa600000, 0x0000000100000000)
  eden space 316416K, 100% used [0x00000000e0000000,0x00000000f3500000,0x00000000f3500000)
  from space 57856K, 50% used [0x00000000f3500000,0x00000000f5175dc0,0x00000000f6d80000)
  to   space 53760K, 0% used [0x00000000f7180000,0x00000000f7180000,0x00000000fa600000)
 ParOldGen       total 273920K, used 144636K [0x00000000a0000000, 0x00000000b0b80000, 0x00000000e0000000)
  object space 273920K, 52% used [0x00000000a0000000,0x00000000a8d3f298,0x00000000b0b80000)
 Metaspace       used 121766K, capacity 130544K, committed 130648K, reserved 1163264K
  class space    used 14952K, capacity 16451K, committed 16512K, reserved 1048576K
Event: 41736.937 GC heap after
Heap after GC invocations=298 (full 14):
 PSYoungGen      total 377856K, used 28606K [0x00000000e0000000, 0x00000000fb700000, 0x0000000100000000)
  eden space 324096K, 0% used [0x00000000e0000000,0x00000000e0000000,0x00000000f3c80000)
  from space 53760K, 53% used [0x00000000f7180000,0x00000000f8d6f838,0x00000000fa600000)
  to   space 54272K, 0% used [0x00000000f3c80000,0x00000000f3c80000,0x00000000f7180000)
 ParOldGen       total 273920K, used 144636K [0x00000000a0000000, 0x00000000b0b80000, 0x00000000e0000000)
  object space 273920K, 52% used [0x00000000a0000000,0x00000000a8d3f298,0x00000000b0b80000)
 Metaspace       used 121766K, capacity 130544K, committed 130648K, reserved 1163264K
  class space    used 14952K, capacity 16451K, committed 16512K, reserved 1048576K
}

